<component name="libraryTable">
  <library name="junit-jupiter-api-5.9.0">
    <CLASSES>
      <root url="jar://$USER_HOME$/Downloads/jar_files (2)/junit-jupiter-api-5.9.0.jar!/" />
    </CLASSES>
    <JAVADOC />
    <SOURCES />
  </library>
</component>